<?xml version="1.0" encoding="UTF-8"?>
<!-- Generated by org.testng.reporters.JUnitReportReporter -->
<testsuite name="org.ryanchair.testCase.CariDokterTestCase" tests="1" time="0.178" ignored="0" failures="0" timestamp="12 Jul 2020 09:20:58 GMT" skipped="0" hostname="NB018224F54ITDV" errors="0">
  <testcase name="cariDokter" time="0.178" classname="org.ryanchair.testCase.CariDokterTestCase"/>
</testsuite> <!-- org.ryanchair.testCase.CariDokterTestCase -->
