<?xml version="1.0" encoding="UTF-8"?>
<!-- Generated by org.testng.reporters.JUnitReportReporter -->
<testsuite name="org.ryanchair.testCase.CariObatTestCase" tests="1" time="2.314" ignored="0" failures="0" timestamp="12 Jul 2020 09:20:58 GMT" skipped="0" hostname="NB018224F54ITDV" errors="0">
  <testcase name="CariObat" time="2.314" classname="org.ryanchair.testCase.CariObatTestCase"/>
</testsuite> <!-- org.ryanchair.testCase.CariObatTestCase -->
